Using pre-set license
Built from '2020.3/release' branch; Version is '2020.3.7f1 (dd97f2c94397) revision 14522354'; Using compiler version '192528614'; Build Type 'Release'
OS: 'Windows 10 Pro; OS build 19041.1110; Version 2004; 64bit' Language: 'es' Physical Memory: 16309 MB
BatchMode: 1, IsHumanControllingUs: 0, StartBugReporterOnCrash: 0, Is64bit: 1, IsPro: 0

 COMMAND LINE ARGUMENTS:
C:\Program Files\Unity\Hub\Editor\2020.3.7f1\Editor\Unity.exe
-adb2
-batchMode
-noUpm
-name
AssetImportWorker0
-projectPath
D:/Unity/Game Jam 3/Game-Jam-3
-logFile
Logs/AssetImportWorker0.log
-srvPort
54801
Successfully changed project path to: D:/Unity/Game Jam 3/Game-Jam-3
D:/Unity/Game Jam 3/Game-Jam-3
Using Asset Import Pipeline V2.
Refreshing native plugins compatible for Editor in 39.93 ms, found 3 plugins.
Preloading 0 native plugins for Editor in 0.00 ms.
Initialize engine version: 2020.3.7f1 (dd97f2c94397)
[Subsystems] Discovering subsystems at path C:/Program Files/Unity/Hub/Editor/2020.3.7f1/Editor/Data/Resources/UnitySubsystems
[Subsystems] Discovering subsystems at path D:/Unity/Game Jam 3/Game-Jam-3/Assets
GfxDevice: creating device client; threaded=0
Direct3D:
    Version:  Direct3D 11.0 [level 11.1]
    Renderer: NVIDIA GeForce RTX 2060 (ID=0x1f08)
    Vendor:   
    VRAM:     5980 MB
    Driver:   30.0.14.7111
Shader 'Universal Render Pipeline/Particles/Lit': fallback shader 'Universal Render Pipeline/Particles/SimpleLit' not found
Initialize mono
Mono path[0] = 'C:/Program Files/Unity/Hub/Editor/2020.3.7f1/Editor/Data/Managed'
Mono path[1] = 'C:/Program Files/Unity/Hub/Editor/2020.3.7f1/Editor/Data/MonoBleedingEdge/lib/mono/unityjit'
Mono config path = 'C:/Program Files/Unity/Hub/Editor/2020.3.7f1/Editor/Data/MonoBleedingEdge/etc'
Using monoOptions --debugger-agent=transport=dt_socket,embedding=1,server=y,suspend=n,address=127.0.0.1:56888
Begin MonoManager ReloadAssembly
Registering precompiled unity dll's ...
Register platform support module: C:/Program Files/Unity/Hub/Editor/2020.3.7f1/Editor/Data/PlaybackEngines/WindowsStandaloneSupport/UnityEditor.WindowsStandalone.Extensions.dll
Registered in 0.001658 seconds.
Native extension for WindowsStandalone target not found
Refreshing native plugins compatible for Editor in 34.66 ms, found 3 plugins.
Preloading 0 native plugins for Editor in 0.00 ms.
Mono: successfully reloaded assembly
- Completed reload, in  0.853 seconds
Platform modules already initialized, skipping
Registering precompiled user dll's ...
Registered in 0.000932 seconds.
Begin MonoManager ReloadAssembly
Native extension for WindowsStandalone target not found
Refreshing native plugins compatible for Editor in 36.55 ms, found 3 plugins.
Preloading 0 native plugins for Editor in 0.00 ms.
Mono: successfully reloaded assembly
- Completed reload, in  0.740 seconds
Platform modules already initialized, skipping
========================================================================
Worker process is ready to serve import requests
Shader 'Universal Render Pipeline/Particles/Lit': fallback shader 'Universal Render Pipeline/Particles/SimpleLit' not found
Launched and connected shader compiler UnityShaderCompiler.exe after 0.04 seconds
Refreshing native plugins compatible for Editor in 0.64 ms, found 3 plugins.
Preloading 0 native plugins for Editor in 0.00 ms.
Unloading 2743 Unused Serialized files (Serialized files now loaded: 0)
System memory in use before: 129.7 MB.
System memory in use after: 129.9 MB.

Unloading 19 unused Assets to reduce memory usage. Loaded Objects now: 3182.
Total: 2.021800 ms (FindLiveObjects: 0.318900 ms CreateObjectMapping: 0.065900 ms MarkObjects: 1.558400 ms  DeleteObjects: 0.077700 ms)

========================================================================
Received Import Request.
  path: Assets/Edificios/Cabina.prefab
  artifactKey: Guid(2b78625c7850118429ba4da6008a151c) Importer(815301076,1909f56bfc062723c751e8b465ee728b)
Start importing Assets/Edificios/Cabina.prefab using Guid(2b78625c7850118429ba4da6008a151c) Importer(815301076,1909f56bfc062723c751e8b465ee728b)  -> (artifact id: 'b45872637dee363251e9d1df3ae63172') in 0.178615 seconds
  Import took 0.202468 seconds .

========================================================================
Received Import Request.
  Time since last request: 1.667213 seconds.
  path: Assets/Edificios/Cono
  artifactKey: Guid(a33e4eb148ed49c418c0967adfe9ed8b) Importer(815301076,1909f56bfc062723c751e8b465ee728b)
Start importing Assets/Edificios/Cono using Guid(a33e4eb148ed49c418c0967adfe9ed8b) Importer(815301076,1909f56bfc062723c751e8b465ee728b)  -> (artifact id: '96298db0f8b2d9d9394f4f08a5c3669a') in 0.004969 seconds
  Import took 0.015041 seconds .

========================================================================
Received Import Request.
  Time since last request: 10.003174 seconds.
  path: Assets/Edificios/Cono/cono.obj
  artifactKey: Guid(c631efd6371a5ef4dbad1b43c9faf182) Importer(815301076,1909f56bfc062723c751e8b465ee728b)
Start importing Assets/Edificios/Cono/cono.obj using Guid(c631efd6371a5ef4dbad1b43c9faf182) Importer(815301076,1909f56bfc062723c751e8b465ee728b)  -> (artifact id: '50fc17861fe780aced75b69091c166f3') in 0.069447 seconds
  Import took 0.078496 seconds .

========================================================================
Received Import Request.
  Time since last request: 0.000150 seconds.
  path: Assets/Edificios/Cono/cono.png
  artifactKey: Guid(0411cc349c7ef274692a46f405fa97d1) Importer(815301076,1909f56bfc062723c751e8b465ee728b)
Start importing Assets/Edificios/Cono/cono.png using Guid(0411cc349c7ef274692a46f405fa97d1) Importer(815301076,1909f56bfc062723c751e8b465ee728b)  -> (artifact id: 'bd3b946788dbd32b70980db40022768d') in 0.021333 seconds
  Import took 0.028620 seconds .

========================================================================
Received Prepare
Registering precompiled user dll's ...
Registered in 0.001320 seconds.
Begin MonoManager ReloadAssembly
Native extension for WindowsStandalone target not found
Refreshing native plugins compatible for Editor in 0.62 ms, found 3 plugins.
Preloading 0 native plugins for Editor in 0.00 ms.
Mono: successfully reloaded assembly
- Completed reload, in  0.690 seconds
Platform modules already initialized, skipping
Shader 'Universal Render Pipeline/Particles/Lit': fallback shader 'Universal Render Pipeline/Particles/SimpleLit' not found
Refreshing native plugins compatible for Editor in 0.65 ms, found 3 plugins.
Preloading 0 native plugins for Editor in 0.00 ms.
Unloading 2611 Unused Serialized files (Serialized files now loaded: 0)
System memory in use before: 126.1 MB.
System memory in use after: 126.3 MB.

Unloading 14 unused Assets to reduce memory usage. Loaded Objects now: 3268.
Total: 2.324800 ms (FindLiveObjects: 0.268100 ms CreateObjectMapping: 0.060100 ms MarkObjects: 1.934900 ms  DeleteObjects: 0.060700 ms)

========================================================================
Received Import Request.
  Time since last request: 518.729044 seconds.
  path: Assets/Audio/Fireworks Fuegos Artificiales - Sound Effect.mp3
  artifactKey: Guid(3c49d335118f7334f9491e846537f348) Importer(815301076,1909f56bfc062723c751e8b465ee728b)
Start importing Assets/Audio/Fireworks Fuegos Artificiales - Sound Effect.mp3 using Guid(3c49d335118f7334f9491e846537f348) Importer(815301076,1909f56bfc062723c751e8b465ee728b)  -> (artifact id: '8dcad9aee46646375aed18151dcad00a') in 0.058537 seconds
  Import took 0.068439 seconds .

========================================================================
Received Prepare
Registering precompiled user dll's ...
Registered in 0.001100 seconds.
Begin MonoManager ReloadAssembly
Native extension for WindowsStandalone target not found
Refreshing native plugins compatible for Editor in 1.28 ms, found 3 plugins.
Preloading 0 native plugins for Editor in 0.00 ms.
Mono: successfully reloaded assembly
- Completed reload, in  0.735 seconds
Platform modules already initialized, skipping
Shader 'Universal Render Pipeline/Particles/Lit': fallback shader 'Universal Render Pipeline/Particles/SimpleLit' not found
Refreshing native plugins compatible for Editor in 0.75 ms, found 3 plugins.
Preloading 0 native plugins for Editor in 0.00 ms.
Unloading 2611 Unused Serialized files (Serialized files now loaded: 0)
System memory in use before: 126.2 MB.
System memory in use after: 126.4 MB.

Unloading 14 unused Assets to reduce memory usage. Loaded Objects now: 3274.
Total: 2.968900 ms (FindLiveObjects: 0.434700 ms CreateObjectMapping: 0.189000 ms MarkObjects: 2.270000 ms  DeleteObjects: 0.073900 ms)

========================================================================
Received Prepare
Registering precompiled user dll's ...
Registered in 0.001238 seconds.
Begin MonoManager ReloadAssembly
Native extension for WindowsStandalone target not found
Refreshing native plugins compatible for Editor in 0.78 ms, found 3 plugins.
Preloading 0 native plugins for Editor in 0.00 ms.
Mono: successfully reloaded assembly
- Completed reload, in  0.718 seconds
Platform modules already initialized, skipping
Shader 'Universal Render Pipeline/Particles/Lit': fallback shader 'Universal Render Pipeline/Particles/SimpleLit' not found
Refreshing native plugins compatible for Editor in 0.85 ms, found 3 plugins.
Preloading 0 native plugins for Editor in 0.00 ms.
Unloading 2611 Unused Serialized files (Serialized files now loaded: 0)
System memory in use before: 126.2 MB.
System memory in use after: 126.4 MB.

Unloading 14 unused Assets to reduce memory usage. Loaded Objects now: 3277.
Total: 3.318900 ms (FindLiveObjects: 0.716000 ms CreateObjectMapping: 0.336200 ms MarkObjects: 2.192500 ms  DeleteObjects: 0.073000 ms)

========================================================================
Received Prepare
Registering precompiled user dll's ...
Registered in 0.001229 seconds.
Begin MonoManager ReloadAssembly
Native extension for WindowsStandalone target not found
Refreshing native plugins compatible for Editor in 0.64 ms, found 3 plugins.
Preloading 0 native plugins for Editor in 0.00 ms.
Mono: successfully reloaded assembly
- Completed reload, in  0.690 seconds
Platform modules already initialized, skipping
Shader 'Universal Render Pipeline/Particles/Lit': fallback shader 'Universal Render Pipeline/Particles/SimpleLit' not found
Refreshing native plugins compatible for Editor in 0.72 ms, found 3 plugins.
Preloading 0 native plugins for Editor in 0.00 ms.
Unloading 2611 Unused Serialized files (Serialized files now loaded: 0)
System memory in use before: 126.2 MB.
System memory in use after: 126.4 MB.

Unloading 14 unused Assets to reduce memory usage. Loaded Objects now: 3280.
Total: 2.419300 ms (FindLiveObjects: 0.327200 ms CreateObjectMapping: 0.126700 ms MarkObjects: 1.901700 ms  DeleteObjects: 0.062400 ms)

========================================================================
Received Import Request.
  Time since last request: 716.048339 seconds.
  path: Assets/_Scripts
  artifactKey: Guid(20466da53b249fa4aa8ebc5038b84f64) Importer(815301076,1909f56bfc062723c751e8b465ee728b)
Start importing Assets/_Scripts using Guid(20466da53b249fa4aa8ebc5038b84f64) Importer(815301076,1909f56bfc062723c751e8b465ee728b)  -> (artifact id: '12a51f9c2b24c362ba5c5fe25e8e7fbc') in 0.008929 seconds
  Import took 0.018689 seconds .

========================================================================
Received Import Request.
  Time since last request: 10.838066 seconds.
  path: Assets/MyScripts/WinCondition.cs
  artifactKey: Guid(a2787f806bcd93945b42238d9d1a029e) Importer(815301076,1909f56bfc062723c751e8b465ee728b)
Start importing Assets/MyScripts/WinCondition.cs using Guid(a2787f806bcd93945b42238d9d1a029e) Importer(815301076,1909f56bfc062723c751e8b465ee728b)  -> (artifact id: '306684b78f43fc83d072977249b76553') in 0.119015 seconds
  Import took 0.130706 seconds .

========================================================================
Received Prepare
Registering precompiled user dll's ...
Registered in 0.001284 seconds.
Begin MonoManager ReloadAssembly
Native extension for WindowsStandalone target not found
Refreshing native plugins compatible for Editor in 0.62 ms, found 3 plugins.
Preloading 0 native plugins for Editor in 0.00 ms.
Mono: successfully reloaded assembly
- Completed reload, in  0.664 seconds
Platform modules already initialized, skipping
Shader 'Universal Render Pipeline/Particles/Lit': fallback shader 'Universal Render Pipeline/Particles/SimpleLit' not found
Refreshing native plugins compatible for Editor in 0.64 ms, found 3 plugins.
Preloading 0 native plugins for Editor in 0.00 ms.
Unloading 2612 Unused Serialized files (Serialized files now loaded: 0)
System memory in use before: 126.2 MB.
System memory in use after: 126.4 MB.

Unloading 14 unused Assets to reduce memory usage. Loaded Objects now: 3284.
Total: 2.142300 ms (FindLiveObjects: 0.271600 ms CreateObjectMapping: 0.059500 ms MarkObjects: 1.753200 ms  DeleteObjects: 0.057300 ms)

========================================================================
Received Import Request.
  Time since last request: 10.580713 seconds.
  path: Assets/Animations/Text (TMP).controller
  artifactKey: Guid(2e1a0d6b719d54c428c77d923ac91945) Importer(815301076,1909f56bfc062723c751e8b465ee728b)
Start importing Assets/Animations/Text (TMP).controller using Guid(2e1a0d6b719d54c428c77d923ac91945) Importer(815301076,1909f56bfc062723c751e8b465ee728b)  -> (artifact id: 'a0b0868d4815e675f4fe2babb89906f7') in 0.016783 seconds
  Import took 0.021418 seconds .

========================================================================
Received Import Request.
  Time since last request: 3.011411 seconds.
  path: Assets/Animations/Texto.anim
  artifactKey: Guid(402ad5b3bc122f44cab5c5f842fd8f2d) Importer(815301076,1909f56bfc062723c751e8b465ee728b)
Start importing Assets/Animations/Texto.anim using Guid(402ad5b3bc122f44cab5c5f842fd8f2d) Importer(815301076,1909f56bfc062723c751e8b465ee728b)  -> (artifact id: 'e84195caecaca4795155b1e6ff2e0990') in 0.006254 seconds
  Import took 0.028986 seconds .

========================================================================
Received Import Request.
  Time since last request: 2.705985 seconds.
  path: Assets/Animations/New Animation.anim
  artifactKey: Guid(ddfa5224f79b723488f40e4e3e1ab8c5) Importer(815301076,1909f56bfc062723c751e8b465ee728b)
Start importing Assets/Animations/New Animation.anim using Guid(ddfa5224f79b723488f40e4e3e1ab8c5) Importer(815301076,1909f56bfc062723c751e8b465ee728b)  -> (artifact id: '9fec04b8c02049402d8ddb2fc85a7cf3') in 0.005982 seconds
  Import took 0.010128 seconds .

========================================================================
Received Import Request.
  Time since last request: 0.001740 seconds.
  path: Assets/Animations/New Animation.anim
  artifactKey: Guid(ddfa5224f79b723488f40e4e3e1ab8c5) Importer(815301076,1909f56bfc062723c751e8b465ee728b)
Start importing Assets/Animations/New Animation.anim using Guid(ddfa5224f79b723488f40e4e3e1ab8c5) Importer(815301076,1909f56bfc062723c751e8b465ee728b)  -> (artifact id: '9fec04b8c02049402d8ddb2fc85a7cf3') in 0.001658 seconds
  Import took 0.005067 seconds .

========================================================================
Received Prepare
Registering precompiled user dll's ...
Registered in 0.001679 seconds.
Begin MonoManager ReloadAssembly
Native extension for WindowsStandalone target not found
Refreshing native plugins compatible for Editor in 0.65 ms, found 3 plugins.
Preloading 0 native plugins for Editor in 0.00 ms.
Mono: successfully reloaded assembly
- Completed reload, in  0.717 seconds
Platform modules already initialized, skipping
Shader 'Universal Render Pipeline/Particles/Lit': fallback shader 'Universal Render Pipeline/Particles/SimpleLit' not found
Refreshing native plugins compatible for Editor in 0.69 ms, found 3 plugins.
Preloading 0 native plugins for Editor in 0.00 ms.
Unloading 2612 Unused Serialized files (Serialized files now loaded: 0)
System memory in use before: 126.3 MB.
System memory in use after: 126.5 MB.

Unloading 14 unused Assets to reduce memory usage. Loaded Objects now: 3287.
Total: 3.321000 ms (FindLiveObjects: 0.464500 ms CreateObjectMapping: 0.076900 ms MarkObjects: 2.695600 ms  DeleteObjects: 0.082600 ms)

========================================================================
Received Prepare
Registering precompiled user dll's ...
Registered in 0.001137 seconds.
Begin MonoManager ReloadAssembly
Native extension for WindowsStandalone target not found
Refreshing native plugins compatible for Editor in 0.62 ms, found 3 plugins.
Preloading 0 native plugins for Editor in 0.00 ms.
Mono: successfully reloaded assembly
- Completed reload, in  0.672 seconds
Platform modules already initialized, skipping
Shader 'Universal Render Pipeline/Particles/Lit': fallback shader 'Universal Render Pipeline/Particles/SimpleLit' not found
Refreshing native plugins compatible for Editor in 0.68 ms, found 3 plugins.
Preloading 0 native plugins for Editor in 0.00 ms.
Unloading 2612 Unused Serialized files (Serialized files now loaded: 0)
System memory in use before: 126.3 MB.
System memory in use after: 126.5 MB.

Unloading 14 unused Assets to reduce memory usage. Loaded Objects now: 3290.
Total: 2.264600 ms (FindLiveObjects: 0.342600 ms CreateObjectMapping: 0.079200 ms MarkObjects: 1.767100 ms  DeleteObjects: 0.074700 ms)

========================================================================
Received Import Request.
  Time since last request: 169.473876 seconds.
  path: Assets/Animations/End.controller
  artifactKey: Guid(28285202a8065174dbf1201e3a377b00) Importer(815301076,1909f56bfc062723c751e8b465ee728b)
Start importing Assets/Animations/End.controller using Guid(28285202a8065174dbf1201e3a377b00) Importer(815301076,1909f56bfc062723c751e8b465ee728b)  -> (artifact id: '2f2bea57fc804b6488bf7e845cf1c13b') in 0.017642 seconds
  Import took 0.031390 seconds .

========================================================================
Received Import Request.
  Time since last request: 14.163026 seconds.
  path: Assets/Animations
  artifactKey: Guid(05068920ef0e3b840891de67181db3be) Importer(815301076,1909f56bfc062723c751e8b465ee728b)
Start importing Assets/Animations using Guid(05068920ef0e3b840891de67181db3be) Importer(815301076,1909f56bfc062723c751e8b465ee728b)  -> (artifact id: '766d4acb3c9c3cd13715feb2248738ec') in 0.017172 seconds
  Import took 0.021305 seconds .

========================================================================
Received Import Request.
  Time since last request: 1.229634 seconds.
  path: Assets/Animations/Texto.anim
  artifactKey: Guid(402ad5b3bc122f44cab5c5f842fd8f2d) Importer(815301076,1909f56bfc062723c751e8b465ee728b)
Start importing Assets/Animations/Texto.anim using Guid(402ad5b3bc122f44cab5c5f842fd8f2d) Importer(815301076,1909f56bfc062723c751e8b465ee728b)  -> (artifact id: '4a693e5c47e5f0842e9d9f37607dc4a1') in 0.002358 seconds
  Import took 0.006502 seconds .

========================================================================
Received Import Request.
  Time since last request: 0.001061 seconds.
  path: Assets/Animations/Texto.anim
  artifactKey: Guid(402ad5b3bc122f44cab5c5f842fd8f2d) Importer(815301076,1909f56bfc062723c751e8b465ee728b)
Start importing Assets/Animations/Texto.anim using Guid(402ad5b3bc122f44cab5c5f842fd8f2d) Importer(815301076,1909f56bfc062723c751e8b465ee728b)  -> (artifact id: '4a693e5c47e5f0842e9d9f37607dc4a1') in 0.001569 seconds
  Import took 0.004286 seconds .

========================================================================
Received Prepare
Registering precompiled user dll's ...
Registered in 0.001280 seconds.
Begin MonoManager ReloadAssembly
Native extension for WindowsStandalone target not found
Refreshing native plugins compatible for Editor in 0.62 ms, found 3 plugins.
Preloading 0 native plugins for Editor in 0.00 ms.
Mono: successfully reloaded assembly
- Completed reload, in  0.686 seconds
Platform modules already initialized, skipping
Shader 'Universal Render Pipeline/Particles/Lit': fallback shader 'Universal Render Pipeline/Particles/SimpleLit' not found
Refreshing native plugins compatible for Editor in 0.64 ms, found 3 plugins.
Preloading 0 native plugins for Editor in 0.00 ms.
Unloading 2612 Unused Serialized files (Serialized files now loaded: 0)
System memory in use before: 126.3 MB.
System memory in use after: 126.5 MB.

Unloading 14 unused Assets to reduce memory usage. Loaded Objects now: 3293.
Total: 2.625900 ms (FindLiveObjects: 0.333900 ms CreateObjectMapping: 0.154400 ms MarkObjects: 2.074900 ms  DeleteObjects: 0.061700 ms)

========================================================================
Received Import Request.
  Time since last request: 78.223262 seconds.
  path: Assets/Animations/New Animation.anim
  artifactKey: Guid(ddfa5224f79b723488f40e4e3e1ab8c5) Importer(815301076,1909f56bfc062723c751e8b465ee728b)
Start importing Assets/Animations/New Animation.anim using Guid(ddfa5224f79b723488f40e4e3e1ab8c5) Importer(815301076,1909f56bfc062723c751e8b465ee728b)  -> (artifact id: '36be417c74fc16a6280756931f54f5e8') in 0.021912 seconds
  Import took 0.036830 seconds .

========================================================================
Received Prepare
Registering precompiled user dll's ...
Registered in 0.001119 seconds.
Begin MonoManager ReloadAssembly
Native extension for WindowsStandalone target not found
Refreshing native plugins compatible for Editor in 0.63 ms, found 3 plugins.
Preloading 0 native plugins for Editor in 0.00 ms.
Mono: successfully reloaded assembly
- Completed reload, in  0.690 seconds
Platform modules already initialized, skipping
Shader 'Universal Render Pipeline/Particles/Lit': fallback shader 'Universal Render Pipeline/Particles/SimpleLit' not found
Refreshing native plugins compatible for Editor in 0.66 ms, found 3 plugins.
Preloading 0 native plugins for Editor in 0.00 ms.
Unloading 2612 Unused Serialized files (Serialized files now loaded: 0)
System memory in use before: 126.3 MB.
System memory in use after: 126.5 MB.

Unloading 14 unused Assets to reduce memory usage. Loaded Objects now: 3296.
Total: 2.329500 ms (FindLiveObjects: 0.316900 ms CreateObjectMapping: 0.122300 ms MarkObjects: 1.827900 ms  DeleteObjects: 0.061500 ms)

========================================================================
Received Prepare
Registering precompiled user dll's ...
Registered in 0.001298 seconds.
Begin MonoManager ReloadAssembly
Native extension for WindowsStandalone target not found
Refreshing native plugins compatible for Editor in 0.68 ms, found 3 plugins.
Preloading 0 native plugins for Editor in 0.00 ms.
Mono: successfully reloaded assembly
- Completed reload, in  0.716 seconds
Platform modules already initialized, skipping
Shader 'Universal Render Pipeline/Particles/Lit': fallback shader 'Universal Render Pipeline/Particles/SimpleLit' not found
Refreshing native plugins compatible for Editor in 0.68 ms, found 3 plugins.
Preloading 0 native plugins for Editor in 0.00 ms.
Unloading 2612 Unused Serialized files (Serialized files now loaded: 0)
System memory in use before: 126.3 MB.
System memory in use after: 126.5 MB.

Unloading 14 unused Assets to reduce memory usage. Loaded Objects now: 3299.
Total: 3.360300 ms (FindLiveObjects: 0.845800 ms CreateObjectMapping: 0.288000 ms MarkObjects: 2.142800 ms  DeleteObjects: 0.082300 ms)

========================================================================
Received Prepare
Registering precompiled user dll's ...
Registered in 0.001205 seconds.
Begin MonoManager ReloadAssembly
Native extension for WindowsStandalone target not found
Refreshing native plugins compatible for Editor in 1.03 ms, found 3 plugins.
Preloading 0 native plugins for Editor in 0.00 ms.
Mono: successfully reloaded assembly
- Completed reload, in  0.819 seconds
Platform modules already initialized, skipping
Shader 'Universal Render Pipeline/Particles/Lit': fallback shader 'Universal Render Pipeline/Particles/SimpleLit' not found
Refreshing native plugins compatible for Editor in 0.77 ms, found 3 plugins.
Preloading 0 native plugins for Editor in 0.00 ms.
Unloading 2612 Unused Serialized files (Serialized files now loaded: 0)
System memory in use before: 126.3 MB.
System memory in use after: 126.5 MB.

Unloading 14 unused Assets to reduce memory usage. Loaded Objects now: 3302.
Total: 3.804600 ms (FindLiveObjects: 0.630400 ms CreateObjectMapping: 0.217600 ms MarkObjects: 2.870400 ms  DeleteObjects: 0.085000 ms)

========================================================================
Received Prepare
Registering precompiled user dll's ...
Registered in 0.001169 seconds.
Begin MonoManager ReloadAssembly
Native extension for WindowsStandalone target not found
Refreshing native plugins compatible for Editor in 0.97 ms, found 3 plugins.
Preloading 0 native plugins for Editor in 0.00 ms.
Mono: successfully reloaded assembly
- Completed reload, in  0.729 seconds
Platform modules already initialized, skipping
Shader 'Universal Render Pipeline/Particles/Lit': fallback shader 'Universal Render Pipeline/Particles/SimpleLit' not found
Refreshing native plugins compatible for Editor in 1.10 ms, found 3 plugins.
Preloading 0 native plugins for Editor in 0.00 ms.
Unloading 2612 Unused Serialized files (Serialized files now loaded: 0)
System memory in use before: 126.3 MB.
System memory in use after: 126.5 MB.

Unloading 14 unused Assets to reduce memory usage. Loaded Objects now: 3305.
Total: 3.385300 ms (FindLiveObjects: 0.580900 ms CreateObjectMapping: 0.190000 ms MarkObjects: 2.544300 ms  DeleteObjects: 0.069000 ms)

========================================================================
Received Prepare
Registering precompiled user dll's ...
Registered in 0.001715 seconds.
Begin MonoManager ReloadAssembly
Native extension for WindowsStandalone target not found
Refreshing native plugins compatible for Editor in 1.05 ms, found 3 plugins.
Preloading 0 native plugins for Editor in 0.00 ms.
Mono: successfully reloaded assembly
- Completed reload, in  0.832 seconds
Platform modules already initialized, skipping
Shader 'Universal Render Pipeline/Particles/Lit': fallback shader 'Universal Render Pipeline/Particles/SimpleLit' not found
Refreshing native plugins compatible for Editor in 0.81 ms, found 3 plugins.
Preloading 0 native plugins for Editor in 0.00 ms.
Unloading 2612 Unused Serialized files (Serialized files now loaded: 0)
System memory in use before: 126.3 MB.
System memory in use after: 126.5 MB.

Unloading 14 unused Assets to reduce memory usage. Loaded Objects now: 3308.
Total: 3.286600 ms (FindLiveObjects: 0.489100 ms CreateObjectMapping: 0.224300 ms MarkObjects: 2.479700 ms  DeleteObjects: 0.092100 ms)

========================================================================
Received Prepare
Registering precompiled user dll's ...
Registered in 0.001197 seconds.
Begin MonoManager ReloadAssembly
Native extension for WindowsStandalone target not found
Refreshing native plugins compatible for Editor in 0.68 ms, found 3 plugins.
Preloading 0 native plugins for Editor in 0.00 ms.
Mono: successfully reloaded assembly
- Completed reload, in  0.694 seconds
Platform modules already initialized, skipping
Shader 'Universal Render Pipeline/Particles/Lit': fallback shader 'Universal Render Pipeline/Particles/SimpleLit' not found
Refreshing native plugins compatible for Editor in 0.62 ms, found 3 plugins.
Preloading 0 native plugins for Editor in 0.00 ms.
Unloading 2612 Unused Serialized files (Serialized files now loaded: 0)
System memory in use before: 126.3 MB.
System memory in use after: 126.5 MB.

Unloading 14 unused Assets to reduce memory usage. Loaded Objects now: 3311.
Total: 2.234300 ms (FindLiveObjects: 0.431800 ms CreateObjectMapping: 0.073900 ms MarkObjects: 1.668700 ms  DeleteObjects: 0.059000 ms)

========================================================================
Received Prepare
Registering precompiled user dll's ...
Registered in 0.002155 seconds.
Begin MonoManager ReloadAssembly
Native extension for WindowsStandalone target not found
Refreshing native plugins compatible for Editor in 0.82 ms, found 3 plugins.
Preloading 0 native plugins for Editor in 0.00 ms.
Mono: successfully reloaded assembly
- Completed reload, in  0.841 seconds
Platform modules already initialized, skipping
Shader 'Universal Render Pipeline/Particles/Lit': fallback shader 'Universal Render Pipeline/Particles/SimpleLit' not found
Refreshing native plugins compatible for Editor in 0.97 ms, found 3 plugins.
Preloading 0 native plugins for Editor in 0.00 ms.
Unloading 2612 Unused Serialized files (Serialized files now loaded: 0)
System memory in use before: 126.3 MB.
System memory in use after: 126.5 MB.

Unloading 14 unused Assets to reduce memory usage. Loaded Objects now: 3314.
Total: 3.244400 ms (FindLiveObjects: 0.728100 ms CreateObjectMapping: 0.072800 ms MarkObjects: 2.372800 ms  DeleteObjects: 0.069500 ms)

========================================================================
Received Prepare
Registering precompiled user dll's ...
Registered in 0.001972 seconds.
Begin MonoManager ReloadAssembly
Native extension for WindowsStandalone target not found
Refreshing native plugins compatible for Editor in 0.69 ms, found 3 plugins.
Preloading 0 native plugins for Editor in 0.00 ms.
Mono: successfully reloaded assembly
- Completed reload, in  0.805 seconds
Platform modules already initialized, skipping
Shader 'Universal Render Pipeline/Particles/Lit': fallback shader 'Universal Render Pipeline/Particles/SimpleLit' not found
Refreshing native plugins compatible for Editor in 0.72 ms, found 3 plugins.
Preloading 0 native plugins for Editor in 0.00 ms.
Unloading 2612 Unused Serialized files (Serialized files now loaded: 0)
System memory in use before: 126.4 MB.
System memory in use after: 126.6 MB.

Unloading 14 unused Assets to reduce memory usage. Loaded Objects now: 3317.
Total: 3.401000 ms (FindLiveObjects: 0.704200 ms CreateObjectMapping: 0.228900 ms MarkObjects: 2.396000 ms  DeleteObjects: 0.069900 ms)

========================================================================
Received Prepare
Registering precompiled user dll's ...
Registered in 0.001565 seconds.
Begin MonoManager ReloadAssembly
Native extension for WindowsStandalone target not found
Refreshing native plugins compatible for Editor in 0.77 ms, found 3 plugins.
Preloading 0 native plugins for Editor in 0.00 ms.
Mono: successfully reloaded assembly
- Completed reload, in  0.797 seconds
Platform modules already initialized, skipping
Shader 'Universal Render Pipeline/Particles/Lit': fallback shader 'Universal Render Pipeline/Particles/SimpleLit' not found
Refreshing native plugins compatible for Editor in 0.71 ms, found 3 plugins.
Preloading 0 native plugins for Editor in 0.00 ms.
Unloading 2612 Unused Serialized files (Serialized files now loaded: 0)
System memory in use before: 126.4 MB.
System memory in use after: 126.6 MB.

Unloading 14 unused Assets to reduce memory usage. Loaded Objects now: 3320.
Total: 3.649500 ms (FindLiveObjects: 0.415300 ms CreateObjectMapping: 0.212700 ms MarkObjects: 2.954500 ms  DeleteObjects: 0.066100 ms)

========================================================================
Received Prepare
Registering precompiled user dll's ...
Registered in 0.001366 seconds.
Begin MonoManager ReloadAssembly
Native extension for WindowsStandalone target not found
Refreshing native plugins compatible for Editor in 0.65 ms, found 3 plugins.
Preloading 0 native plugins for Editor in 0.00 ms.
Mono: successfully reloaded assembly
- Completed reload, in  0.682 seconds
Platform modules already initialized, skipping
Shader 'Universal Render Pipeline/Particles/Lit': fallback shader 'Universal Render Pipeline/Particles/SimpleLit' not found
Refreshing native plugins compatible for Editor in 0.66 ms, found 3 plugins.
Preloading 0 native plugins for Editor in 0.00 ms.
Unloading 2612 Unused Serialized files (Serialized files now loaded: 0)
System memory in use before: 126.4 MB.
System memory in use after: 126.6 MB.

Unloading 14 unused Assets to reduce memory usage. Loaded Objects now: 3323.
Total: 3.667800 ms (FindLiveObjects: 0.682800 ms CreateObjectMapping: 0.222600 ms MarkObjects: 2.664500 ms  DeleteObjects: 0.096200 ms)

